# JRE version: Java(TM) SE Runtime Environment (8.0_111-b14) (build 1.8.0_111-b14)
# Java VM: Java HotSpot(TM) 64-Bit Server VM (25.111-b14 mixed mode linux-amd64 compressed oops)
Heap:
 PSYoungGen      total 262144K, used 10734K [0x00000000d7000000, 0x00000000e7b00000, 0x0000000100000000)
  eden space 251392K, 0% used [0x00000000d7000000,0x00000000d7000000,0x00000000e6580000)
  from space 10752K, 99% used [0x00000000e6580000,0x00000000e6ffbaa8,0x00000000e7000000)
  to   space 10240K, 0% used [0x00000000e7000000,0x00000000e7000000,0x00000000e7a00000)
 ParOldGen       total 51200K, used 10964K [0x0000000085000000, 0x0000000088200000, 0x00000000d7000000)
  object space 51200K, 21% used [0x0000000085000000,0x0000000085ab5398,0x0000000088200000)
 Metaspace       used 28832K, capacity 29048K, committed 29440K, reserved 1075200K
  class space    used 3210K, capacity 3266K, committed 3328K, reserved 1048576K
GC Heap History (10 events):
Event: 3,028 GC heap after
Heap after GC invocations=5 (full 0):
 PSYoungGen      total 68608K, used 5098K [0x00000000d7000000, 0x00000000df700000, 0x0000000100000000)
  eden space 63488K, 0% used [0x00000000d7000000,0x00000000d7000000,0x00000000dae00000)
  from space 5120K, 99% used [0x00000000dae00000,0x00000000db2faa28,0x00000000db300000)
  to   space 5632K, 0% used [0x00000000df180000,0x00000000df180000,0x00000000df700000)
 ParOldGen       total 84992K, used 290K [0x0000000085000000, 0x000000008a300000, 0x00000000d7000000)
  object space 84992K, 0% used [0x0000000085000000,0x0000000085048900,0x000000008a300000)
 Metaspace       used 15027K, capacity 15170K, committed 15232K, reserved 1062912K
  class space    used 1636K, capacity 1657K, committed 1664K, reserved 1048576K
}
Event: 3,657 GC heap before
{Heap before GC invocations=6 (full 0):
 PSYoungGen      total 68608K, used 68586K [0x00000000d7000000, 0x00000000df700000, 0x0000000100000000)
  eden space 63488K, 100% used [0x00000000d7000000,0x00000000dae00000,0x00000000dae00000)
  from space 5120K, 99% used [0x00000000dae00000,0x00000000db2faa28,0x00000000db300000)
  to   space 5632K, 0% used [0x00000000df180000,0x00000000df180000,0x00000000df700000)
 ParOldGen       total 84992K, used 290K [0x0000000085000000, 0x000000008a300000, 0x00000000d7000000)
  object space 84992K, 0% used [0x0000000085000000,0x0000000085048900,0x000000008a300000)
 Metaspace       used 17378K, capacity 17602K, committed 17792K, reserved 1064960K
  class space    used 1870K, capacity 1913K, committed 1920K, reserved 1048576K
Event: 3,667 GC heap after
Heap after GC invocations=6 (full 0):
 PSYoungGen      total 131584K, used 5631K [0x00000000d7000000, 0x00000000df900000, 0x0000000100000000)
  eden space 125952K, 0% used [0x00000000d7000000,0x00000000d7000000,0x00000000deb00000)
  from space 5632K, 99% used [0x00000000df180000,0x00000000df6ffdd0,0x00000000df700000)
  to   space 6656K, 0% used [0x00000000deb00000,0x00000000deb00000,0x00000000df180000)
 ParOldGen       total 84992K, used 756K [0x0000000085000000, 0x000000008a300000, 0x00000000d7000000)
  object space 84992K, 0% used [0x0000000085000000,0x00000000850bd3c0,0x000000008a300000)
 Metaspace       used 17378K, capacity 17602K, committed 17792K, reserved 1064960K
  class space    used 1870K, capacity 1913K, committed 1920K, reserved 1048576K
}
Event: 4,853 GC heap before
{Heap before GC invocations=7 (full 0):
 PSYoungGen      total 131584K, used 131583K [0x00000000d7000000, 0x00000000df900000, 0x0000000100000000)
  eden space 125952K, 100% used [0x00000000d7000000,0x00000000deb00000,0x00000000deb00000)
  from space 5632K, 99% used [0x00000000df180000,0x00000000df6ffdd0,0x00000000df700000)
  to   space 6656K, 0% used [0x00000000deb00000,0x00000000deb00000,0x00000000df180000)
 ParOldGen       total 84992K, used 756K [0x0000000085000000, 0x000000008a300000, 0x00000000d7000000)
  object space 84992K, 0% used [0x0000000085000000,0x00000000850bd3c0,0x000000008a300000)
 Metaspace       used 20244K, capacity 20436K, committed 20736K, reserved 1067008K
  class space    used 2200K, capacity 2236K, committed 2304K, reserved 1048576K
Event: 4,891 GC heap after
Heap after GC invocations=7 (full 0):
 PSYoungGen      total 132608K, used 6635K [0x00000000d7000000, 0x00000000e7a00000, 0x0000000100000000)
  eden space 125952K, 0% used [0x00000000d7000000,0x00000000d7000000,0x00000000deb00000)
  from space 6656K, 99% used [0x00000000deb00000,0x00000000df17acd0,0x00000000df180000)
  to   space 10240K, 0% used [0x00000000e7000000,0x00000000e7000000,0x00000000e7a00000)
 ParOldGen       total 84992K, used 6473K [0x0000000085000000, 0x000000008a300000, 0x00000000d7000000)
  object space 84992K, 7% used [0x0000000085000000,0x0000000085652600,0x000000008a300000)
 Metaspace       used 20244K, capacity 20436K, committed 20736K, reserved 1067008K
  class space    used 2200K, capacity 2236K, committed 2304K, reserved 1048576K
}
Event: 5,750 GC heap before
{Heap before GC invocations=8 (full 0):
 PSYoungGen      total 132608K, used 107078K [0x00000000d7000000, 0x00000000e7a00000, 0x0000000100000000)
  eden space 125952K, 79% used [0x00000000d7000000,0x00000000dd216db8,0x00000000deb00000)
  from space 6656K, 99% used [0x00000000deb00000,0x00000000df17acd0,0x00000000df180000)
  to   space 10240K, 0% used [0x00000000e7000000,0x00000000e7000000,0x00000000e7a00000)
 ParOldGen       total 84992K, used 6473K [0x0000000085000000, 0x000000008a300000, 0x00000000d7000000)
  object space 84992K, 7% used [0x0000000085000000,0x0000000085652600,0x000000008a300000)
 Metaspace       used 20951K, capacity 21108K, committed 21296K, reserved 1069056K
  class space    used 2289K, capacity 2332K, committed 2432K, reserved 1048576K
Event: 5,778 GC heap after
Heap after GC invocations=8 (full 0):
 PSYoungGen      total 261632K, used 8078K [0x00000000d7000000, 0x00000000e7b00000, 0x0000000100000000)
  eden space 251392K, 0% used [0x00000000d7000000,0x00000000d7000000,0x00000000e6580000)
  from space 10240K, 78% used [0x00000000e7000000,0x00000000e77e3988,0x00000000e7a00000)
  to   space 10752K, 0% used [0x00000000e6580000,0x00000000e6580000,0x00000000e7000000)
 ParOldGen       total 84992K, used 6896K [0x0000000085000000, 0x000000008a300000, 0x00000000d7000000)
  object space 84992K, 8% used [0x0000000085000000,0x00000000856bc3a0,0x000000008a300000)
 Metaspace       used 20951K, capacity 21108K, committed 21296K, reserved 1069056K
  class space    used 2289K, capacity 2332K, committed 2432K, reserved 1048576K
}
Event: 5,778 GC heap before
{Heap before GC invocations=9 (full 1):
 PSYoungGen      total 261632K, used 8078K [0x00000000d7000000, 0x00000000e7b00000, 0x0000000100000000)
  eden space 251392K, 0% used [0x00000000d7000000,0x00000000d7000000,0x00000000e6580000)
  from space 10240K, 78% used [0x00000000e7000000,0x00000000e77e3988,0x00000000e7a00000)
  to   space 10752K, 0% used [0x00000000e6580000,0x00000000e6580000,0x00000000e7000000)
 ParOldGen       total 84992K, used 6896K [0x0000000085000000, 0x000000008a300000, 0x00000000d7000000)
  object space 84992K, 8% used [0x0000000085000000,0x00000000856bc3a0,0x000000008a300000)
 Metaspace       used 20951K, capacity 21108K, committed 21296K, reserved 1069056K
  class space    used 2289K, capacity 2332K, committed 2432K, reserved 1048576K
Event: 5,812 GC heap after
Heap after GC invocations=9 (full 1):
 PSYoungGen      total 261632K, used 0K [0x00000000d7000000, 0x00000000e7b00000, 0x0000000100000000)
  eden space 251392K, 0% used [0x00000000d7000000,0x00000000d7000000,0x00000000e6580000)
  from space 10240K, 0% used [0x00000000e7000000,0x00000000e7000000,0x00000000e7a00000)
  to   space 10752K, 0% used [0x00000000e6580000,0x00000000e6580000,0x00000000e7000000)
 ParOldGen       total 51200K, used 10446K [0x0000000085000000, 0x0000000088200000, 0x00000000d7000000)
  object space 51200K, 20% used [0x0000000085000000,0x0000000085a339b0,0x0000000088200000)
 Metaspace       used 20951K, capacity 21108K, committed 21296K, reserved 1069056K
  class space    used 2289K, capacity 2332K, committed 2432K, reserved 1048576K
}
Event: 33,673 GC heap before
{Heap before GC invocations=10 (full 1):
 PSYoungGen      total 261632K, used 251392K [0x00000000d7000000, 0x00000000e7b00000, 0x0000000100000000)
  eden space 251392K, 100% used [0x00000000d7000000,0x00000000e6580000,0x00000000e6580000)
  from space 10240K, 0% used [0x00000000e7000000,0x00000000e7000000,0x00000000e7a00000)
  to   space 10752K, 0% used [0x00000000e6580000,0x00000000e6580000,0x00000000e7000000)
 ParOldGen       total 51200K, used 10446K [0x0000000085000000, 0x0000000088200000, 0x00000000d7000000)
  object space 51200K, 20% used [0x0000000085000000,0x0000000085a339b0,0x0000000088200000)
 Metaspace       used 28832K, capacity 29048K, committed 29440K, reserved 1075200K
  class space    used 3210K, capacity 3266K, committed 3328K, reserved 1048576K

