# JRE version: Java(TM) SE Runtime Environment (8.0_111-b14) (build 1.8.0_111-b14)
# Java VM: Java HotSpot(TM) 64-Bit Server VM (25.111-b14 mixed mode linux-amd64 compressed oops)
Heap:
 PSYoungGen      total 310784K, used 10229K [0x00000000d7000000, 0x00000000ea980000, 0x0000000100000000)
  eden space 300544K, 0% used [0x00000000d7000000,0x00000000d7000000,0x00000000e9580000)
  from space 10240K, 99% used [0x00000000e9580000,0x00000000e9f7d430,0x00000000e9f80000)
  to   space 9216K, 0% used [0x00000000ea080000,0x00000000ea080000,0x00000000ea980000)
 ParOldGen       total 67584K, used 17547K [0x0000000085000000, 0x0000000089200000, 0x00000000d7000000)
  object space 67584K, 25% used [0x0000000085000000,0x0000000086122ea8,0x0000000089200000)
 Metaspace       used 45649K, capacity 45942K, committed 46208K, reserved 1089536K
  class space    used 5110K, capacity 5195K, committed 5248K, reserved 1048576K
GC Heap History (10 events):
Event: 6,018 GC heap after
Heap after GC invocations=10 (full 0):
 PSYoungGen      total 209920K, used 2212K [0x00000000d7000000, 0x00000000e4500000, 0x0000000100000000)
  eden space 201728K, 0% used [0x00000000d7000000,0x00000000d7000000,0x00000000e3500000)
  from space 8192K, 27% used [0x00000000e3d00000,0x00000000e3f29398,0x00000000e4500000)
  to   space 8192K, 0% used [0x00000000e3500000,0x00000000e3500000,0x00000000e3d00000)
 ParOldGen       total 84992K, used 10920K [0x0000000085000000, 0x000000008a300000, 0x00000000d7000000)
  object space 84992K, 12% used [0x0000000085000000,0x0000000085aaa0c8,0x000000008a300000)
 Metaspace       used 20978K, capacity 21108K, committed 21296K, reserved 1069056K
  class space    used 2289K, capacity 2332K, committed 2432K, reserved 1048576K
}
Event: 6,018 GC heap before
{Heap before GC invocations=11 (full 1):
 PSYoungGen      total 209920K, used 2212K [0x00000000d7000000, 0x00000000e4500000, 0x0000000100000000)
  eden space 201728K, 0% used [0x00000000d7000000,0x00000000d7000000,0x00000000e3500000)
  from space 8192K, 27% used [0x00000000e3d00000,0x00000000e3f29398,0x00000000e4500000)
  to   space 8192K, 0% used [0x00000000e3500000,0x00000000e3500000,0x00000000e3d00000)
 ParOldGen       total 84992K, used 10920K [0x0000000085000000, 0x000000008a300000, 0x00000000d7000000)
  object space 84992K, 12% used [0x0000000085000000,0x0000000085aaa0c8,0x000000008a300000)
 Metaspace       used 20978K, capacity 21108K, committed 21296K, reserved 1069056K
  class space    used 2289K, capacity 2332K, committed 2432K, reserved 1048576K
Event: 6,044 GC heap after
Heap after GC invocations=11 (full 1):
 PSYoungGen      total 209920K, used 0K [0x00000000d7000000, 0x00000000e4500000, 0x0000000100000000)
  eden space 201728K, 0% used [0x00000000d7000000,0x00000000d7000000,0x00000000e3500000)
  from space 8192K, 0% used [0x00000000e3d00000,0x00000000e3d00000,0x00000000e4500000)
  to   space 8192K, 0% used [0x00000000e3500000,0x00000000e3500000,0x00000000e3d00000)
 ParOldGen       total 48128K, used 7205K [0x0000000085000000, 0x0000000087f00000, 0x00000000d7000000)
  object space 48128K, 14% used [0x0000000085000000,0x00000000857094c8,0x0000000087f00000)
 Metaspace       used 20978K, capacity 21108K, committed 21296K, reserved 1069056K
  class space    used 2289K, capacity 2332K, committed 2432K, reserved 1048576K
}
Event: 8,042 GC heap before
{Heap before GC invocations=12 (full 1):
 PSYoungGen      total 209920K, used 201728K [0x00000000d7000000, 0x00000000e4500000, 0x0000000100000000)
  eden space 201728K, 100% used [0x00000000d7000000,0x00000000e3500000,0x00000000e3500000)
  from space 8192K, 0% used [0x00000000e3d00000,0x00000000e3d00000,0x00000000e4500000)
  to   space 8192K, 0% used [0x00000000e3500000,0x00000000e3500000,0x00000000e3d00000)
 ParOldGen       total 48128K, used 7205K [0x0000000085000000, 0x0000000087f00000, 0x00000000d7000000)
  object space 48128K, 14% used [0x0000000085000000,0x00000000857094c8,0x0000000087f00000)
 Metaspace       used 27644K, capacity 27832K, committed 28032K, reserved 1075200K
  class space    used 3089K, capacity 3138K, committed 3200K, reserved 1048576K
Event: 8,070 GC heap after
Heap after GC invocations=12 (full 1):
 PSYoungGen      total 209920K, used 8180K [0x00000000d7000000, 0x00000000eaa00000, 0x0000000100000000)
  eden space 201728K, 0% used [0x00000000d7000000,0x00000000d7000000,0x00000000e3500000)
  from space 8192K, 99% used [0x00000000e3500000,0x00000000e3cfd1e8,0x00000000e3d00000)
  to   space 9728K, 0% used [0x00000000ea080000,0x00000000ea080000,0x00000000eaa00000)
 ParOldGen       total 48128K, used 8774K [0x0000000085000000, 0x0000000087f00000, 0x00000000d7000000)
  object space 48128K, 18% used [0x0000000085000000,0x0000000085891800,0x0000000087f00000)
 Metaspace       used 27644K, capacity 27832K, committed 28032K, reserved 1075200K
  class space    used 3089K, capacity 3138K, committed 3200K, reserved 1048576K
}
Event: 10,005 GC heap before
{Heap before GC invocations=13 (full 1):
 PSYoungGen      total 209920K, used 201493K [0x00000000d7000000, 0x00000000eaa00000, 0x0000000100000000)
  eden space 201728K, 95% used [0x00000000d7000000,0x00000000e2cc84c8,0x00000000e3500000)
  from space 8192K, 99% used [0x00000000e3500000,0x00000000e3cfd1e8,0x00000000e3d00000)
  to   space 9728K, 0% used [0x00000000ea080000,0x00000000ea080000,0x00000000eaa00000)
 ParOldGen       total 48128K, used 8774K [0x0000000085000000, 0x0000000087f00000, 0x00000000d7000000)
  object space 48128K, 18% used [0x0000000085000000,0x0000000085891800,0x0000000087f00000)
 Metaspace       used 35023K, capacity 35226K, committed 35496K, reserved 1081344K
  class space    used 3942K, capacity 4001K, committed 4096K, reserved 1048576K
Event: 10,031 GC heap after
Heap after GC invocations=13 (full 1):
 PSYoungGen      total 309760K, used 7722K [0x00000000d7000000, 0x00000000ea980000, 0x0000000100000000)
  eden space 300544K, 0% used [0x00000000d7000000,0x00000000d7000000,0x00000000e9580000)
  from space 9216K, 83% used [0x00000000ea080000,0x00000000ea80abc0,0x00000000ea980000)
  to   space 10240K, 0% used [0x00000000e9580000,0x00000000e9580000,0x00000000e9f80000)
 ParOldGen       total 48128K, used 11507K [0x0000000085000000, 0x0000000087f00000, 0x00000000d7000000)
  object space 48128K, 23% used [0x0000000085000000,0x0000000085b3cee8,0x0000000087f00000)
 Metaspace       used 35023K, capacity 35226K, committed 35496K, reserved 1081344K
  class space    used 3942K, capacity 4001K, committed 4096K, reserved 1048576K
}
Event: 10,031 GC heap before
{Heap before GC invocations=14 (full 2):
 PSYoungGen      total 309760K, used 7722K [0x00000000d7000000, 0x00000000ea980000, 0x0000000100000000)
  eden space 300544K, 0% used [0x00000000d7000000,0x00000000d7000000,0x00000000e9580000)
  from space 9216K, 83% used [0x00000000ea080000,0x00000000ea80abc0,0x00000000ea980000)
  to   space 10240K, 0% used [0x00000000e9580000,0x00000000e9580000,0x00000000e9f80000)
 ParOldGen       total 48128K, used 11507K [0x0000000085000000, 0x0000000087f00000, 0x00000000d7000000)
  object space 48128K, 23% used [0x0000000085000000,0x0000000085b3cee8,0x0000000087f00000)
 Metaspace       used 35023K, capacity 35226K, committed 35496K, reserved 1081344K
  class space    used 3942K, capacity 4001K, committed 4096K, reserved 1048576K
Event: 10,067 GC heap after
Heap after GC invocations=14 (full 2):
 PSYoungGen      total 309760K, used 0K [0x00000000d7000000, 0x00000000ea980000, 0x0000000100000000)
  eden space 300544K, 0% used [0x00000000d7000000,0x00000000d7000000,0x00000000e9580000)
  from space 9216K, 0% used [0x00000000ea080000,0x00000000ea080000,0x00000000ea980000)
  to   space 10240K, 0% used [0x00000000e9580000,0x00000000e9580000,0x00000000e9f80000)
 ParOldGen       total 67584K, used 15864K [0x0000000085000000, 0x0000000089200000, 0x00000000d7000000)
  object space 67584K, 23% used [0x0000000085000000,0x0000000085f7e320,0x0000000089200000)
 Metaspace       used 35023K, capacity 35226K, committed 35496K, reserved 1081344K
  class space    used 3942K, capacity 4001K, committed 4096K, reserved 1048576K
}
Event: 17,588 GC heap before
{Heap before GC invocations=15 (full 2):
 PSYoungGen      total 309760K, used 300544K [0x00000000d7000000, 0x00000000ea980000, 0x0000000100000000)
  eden space 300544K, 100% used [0x00000000d7000000,0x00000000e9580000,0x00000000e9580000)
  from space 9216K, 0% used [0x00000000ea080000,0x00000000ea080000,0x00000000ea980000)
  to   space 10240K, 0% used [0x00000000e9580000,0x00000000e9580000,0x00000000e9f80000)
 ParOldGen       total 67584K, used 15864K [0x0000000085000000, 0x0000000089200000, 0x00000000d7000000)
  object space 67584K, 23% used [0x0000000085000000,0x0000000085f7e320,0x0000000089200000)
 Metaspace       used 45649K, capacity 45942K, committed 46208K, reserved 1089536K
  class space    used 5110K, capacity 5195K, committed 5248K, reserved 1048576K

