# JRE version: Java(TM) SE Runtime Environment (8.0_111-b14) (build 1.8.0_111-b14)
# Java VM: Java HotSpot(TM) 64-Bit Server VM (25.111-b14 mixed mode linux-amd64 compressed oops)
Heap:
 PSYoungGen      total 449024K, used 8010K [0x00000000d7000000, 0x00000000f3780000, 0x0000000100000000)
  eden space 431616K, 0% used [0x00000000d7000000,0x00000000d7000000,0x00000000f1580000)
  from space 17408K, 46% used [0x00000000f1580000,0x00000000f1d52a10,0x00000000f2680000)
  to   space 12800K, 0% used [0x00000000f2900000,0x00000000f2900000,0x00000000f3580000)
 ParOldGen       total 64512K, used 36255K [0x0000000085000000, 0x0000000088f00000, 0x00000000d7000000)
  object space 64512K, 56% used [0x0000000085000000,0x0000000087367cc0,0x0000000088f00000)
 Metaspace       used 58480K, capacity 58810K, committed 59160K, reserved 1101824K
  class space    used 6590K, capacity 6685K, committed 6704K, reserved 1048576K
GC Heap History (10 events):
Event: 12,141 GC heap after
Heap after GC invocations=12 (full 1):
 PSYoungGen      total 210944K, used 8178K [0x00000000d7000000, 0x00000000eb000000, 0x0000000100000000)
  eden space 202752K, 0% used [0x00000000d7000000,0x00000000d7000000,0x00000000e3600000)
  from space 8192K, 99% used [0x00000000e3600000,0x00000000e3dfc800,0x00000000e3e00000)
  to   space 10240K, 0% used [0x00000000ea600000,0x00000000ea600000,0x00000000eb000000)
 ParOldGen       total 47104K, used 9141K [0x0000000085000000, 0x0000000087e00000, 0x00000000d7000000)
  object space 47104K, 19% used [0x0000000085000000,0x00000000858ed5d8,0x0000000087e00000)
 Metaspace       used 27670K, capacity 27896K, committed 28336K, reserved 1075200K
  class space    used 3090K, capacity 3138K, committed 3248K, reserved 1048576K
}
Event: 14,272 GC heap before
{Heap before GC invocations=13 (full 1):
 PSYoungGen      total 210944K, used 202544K [0x00000000d7000000, 0x00000000eb000000, 0x0000000100000000)
  eden space 202752K, 95% used [0x00000000d7000000,0x00000000e2dcfaf0,0x00000000e3600000)
  from space 8192K, 99% used [0x00000000e3600000,0x00000000e3dfc800,0x00000000e3e00000)
  to   space 10240K, 0% used [0x00000000ea600000,0x00000000ea600000,0x00000000eb000000)
 ParOldGen       total 47104K, used 9141K [0x0000000085000000, 0x0000000087e00000, 0x00000000d7000000)
  object space 47104K, 19% used [0x0000000085000000,0x00000000858ed5d8,0x0000000087e00000)
 Metaspace       used 35089K, capacity 35290K, committed 35496K, reserved 1081344K
  class space    used 3937K, capacity 4001K, committed 4016K, reserved 1048576K
Event: 14,296 GC heap after
Heap after GC invocations=13 (full 1):
 PSYoungGen      total 314368K, used 7434K [0x00000000d7000000, 0x00000000eae80000, 0x0000000100000000)
  eden space 305664K, 0% used [0x00000000d7000000,0x00000000d7000000,0x00000000e9a80000)
  from space 8704K, 85% used [0x00000000ea600000,0x00000000ead42bd0,0x00000000eae80000)
  to   space 10240K, 0% used [0x00000000e9a80000,0x00000000e9a80000,0x00000000ea480000)
 ParOldGen       total 47104K, used 11869K [0x0000000085000000, 0x0000000087e00000, 0x00000000d7000000)
  object space 47104K, 25% used [0x0000000085000000,0x0000000085b97678,0x0000000087e00000)
 Metaspace       used 35089K, capacity 35290K, committed 35496K, reserved 1081344K
  class space    used 3937K, capacity 4001K, committed 4016K, reserved 1048576K
}
Event: 14,296 GC heap before
{Heap before GC invocations=14 (full 2):
 PSYoungGen      total 314368K, used 7434K [0x00000000d7000000, 0x00000000eae80000, 0x0000000100000000)
  eden space 305664K, 0% used [0x00000000d7000000,0x00000000d7000000,0x00000000e9a80000)
  from space 8704K, 85% used [0x00000000ea600000,0x00000000ead42bd0,0x00000000eae80000)
  to   space 10240K, 0% used [0x00000000e9a80000,0x00000000e9a80000,0x00000000ea480000)
 ParOldGen       total 47104K, used 11869K [0x0000000085000000, 0x0000000087e00000, 0x00000000d7000000)
  object space 47104K, 25% used [0x0000000085000000,0x0000000085b97678,0x0000000087e00000)
 Metaspace       used 35089K, capacity 35290K, committed 35496K, reserved 1081344K
  class space    used 3937K, capacity 4001K, committed 4016K, reserved 1048576K
Event: 14,332 GC heap after
Heap after GC invocations=14 (full 2):
 PSYoungGen      total 314368K, used 0K [0x00000000d7000000, 0x00000000eae80000, 0x0000000100000000)
  eden space 305664K, 0% used [0x00000000d7000000,0x00000000d7000000,0x00000000e9a80000)
  from space 8704K, 0% used [0x00000000ea600000,0x00000000ea600000,0x00000000eae80000)
  to   space 10240K, 0% used [0x00000000e9a80000,0x00000000e9a80000,0x00000000ea480000)
 ParOldGen       total 64512K, used 15673K [0x0000000085000000, 0x0000000088f00000, 0x00000000d7000000)
  object space 64512K, 24% used [0x0000000085000000,0x0000000085f4e568,0x0000000088f00000)
 Metaspace       used 35089K, capacity 35290K, committed 35496K, reserved 1081344K
  class space    used 3937K, capacity 4001K, committed 4016K, reserved 1048576K
}
Event: 19,411 GC heap before
{Heap before GC invocations=15 (full 2):
 PSYoungGen      total 314368K, used 305664K [0x00000000d7000000, 0x00000000eae80000, 0x0000000100000000)
  eden space 305664K, 100% used [0x00000000d7000000,0x00000000e9a80000,0x00000000e9a80000)
  from space 8704K, 0% used [0x00000000ea600000,0x00000000ea600000,0x00000000eae80000)
  to   space 10240K, 0% used [0x00000000e9a80000,0x00000000e9a80000,0x00000000ea480000)
 ParOldGen       total 64512K, used 15673K [0x0000000085000000, 0x0000000088f00000, 0x00000000d7000000)
  object space 64512K, 24% used [0x0000000085000000,0x0000000085f4e568,0x0000000088f00000)
 Metaspace       used 46035K, capacity 46358K, committed 46760K, reserved 1091584K
  class space    used 5156K, capacity 5227K, committed 5296K, reserved 1048576K
Event: 19,426 GC heap after
Heap after GC invocations=15 (full 2):
 PSYoungGen      total 315904K, used 10233K [0x00000000d7000000, 0x00000000f3580000, 0x0000000100000000)
  eden space 305664K, 0% used [0x00000000d7000000,0x00000000d7000000,0x00000000e9a80000)
  from space 10240K, 99% used [0x00000000e9a80000,0x00000000ea47e610,0x00000000ea480000)
  to   space 12800K, 0% used [0x00000000f2900000,0x00000000f2900000,0x00000000f3580000)
 ParOldGen       total 64512K, used 17872K [0x0000000085000000, 0x0000000088f00000, 0x00000000d7000000)
  object space 64512K, 27% used [0x0000000085000000,0x0000000086174230,0x0000000088f00000)
 Metaspace       used 46035K, capacity 46358K, committed 46760K, reserved 1091584K
  class space    used 5156K, capacity 5227K, committed 5296K, reserved 1048576K
}
Event: 63,453 GC heap before
{Heap before GC invocations=16 (full 2):
 PSYoungGen      total 315904K, used 315897K [0x00000000d7000000, 0x00000000f3580000, 0x0000000100000000)
  eden space 305664K, 100% used [0x00000000d7000000,0x00000000e9a80000,0x00000000e9a80000)
  from space 10240K, 99% used [0x00000000e9a80000,0x00000000ea47e610,0x00000000ea480000)
  to   space 12800K, 0% used [0x00000000f2900000,0x00000000f2900000,0x00000000f3580000)
 ParOldGen       total 64512K, used 17872K [0x0000000085000000, 0x0000000088f00000, 0x00000000d7000000)
  object space 64512K, 27% used [0x0000000085000000,0x0000000086174230,0x0000000088f00000)
 Metaspace       used 55169K, capacity 55504K, committed 55976K, reserved 1099776K
  class space    used 6238K, capacity 6298K, committed 6320K, reserved 1048576K
Event: 64,459 GC heap after
Heap after GC invocations=16 (full 2):
 PSYoungGen      total 444416K, used 12778K [0x00000000d7000000, 0x00000000f3780000, 0x0000000100000000)
  eden space 431616K, 0% used [0x00000000d7000000,0x00000000d7000000,0x00000000f1580000)
  from space 12800K, 99% used [0x00000000f2900000,0x00000000f357a998,0x00000000f3580000)
  to   space 17408K, 0% used [0x00000000f1580000,0x00000000f1580000,0x00000000f2680000)
 ParOldGen       total 64512K, used 26475K [0x0000000085000000, 0x0000000088f00000, 0x00000000d7000000)
  object space 64512K, 41% used [0x0000000085000000,0x00000000869dae80,0x0000000088f00000)
 Metaspace       used 55169K, capacity 55504K, committed 55976K, reserved 1099776K
  class space    used 6238K, capacity 6298K, committed 6320K, reserved 1048576K
}
Event: 115,561 GC heap before
{Heap before GC invocations=17 (full 2):
 PSYoungGen      total 444416K, used 259182K [0x00000000d7000000, 0x00000000f3780000, 0x0000000100000000)
  eden space 431616K, 57% used [0x00000000d7000000,0x00000000e60a11c8,0x00000000f1580000)
  from space 12800K, 99% used [0x00000000f2900000,0x00000000f357a998,0x00000000f3580000)
  to   space 17408K, 0% used [0x00000000f1580000,0x00000000f1580000,0x00000000f2680000)
 ParOldGen       total 64512K, used 26475K [0x0000000085000000, 0x0000000088f00000, 0x00000000d7000000)
  object space 64512K, 41% used [0x0000000085000000,0x00000000869dae80,0x0000000088f00000)
 Metaspace       used 58480K, capacity 58810K, committed 59160K, reserved 1101824K
  class space    used 6590K, capacity 6685K, committed 6704K, reserved 1048576K

